TN:
SF:app\(tabs)\home.tsx
FN:16,HomeScreen
FN:127,(anonymous_1)
FN:128,(anonymous_2)
FN:154,(anonymous_3)
FN:181,(anonymous_4)
FN:206,(anonymous_5)
FN:217,(anonymous_6)
FNF:7
FNH:7
FNDA:4,HomeScreen
FNDA:1,(anonymous_1)
FNDA:4,(anonymous_2)
FNDA:16,(anonymous_3)
FNDA:8,(anonymous_4)
FNDA:16,(anonymous_5)
FNDA:16,(anonymous_6)
DA:17,4
DA:18,4
DA:19,4
DA:22,4
DA:47,4
DA:52,4
DA:127,1
DA:128,4
DA:155,16
DA:182,8
DA:206,1
DA:207,16
DA:208,4
DA:209,3
DA:210,2
DA:212,12
DA:213,9
DA:214,6
DA:217,1
DA:218,16
DA:219,4
DA:220,12
DA:221,4
DA:222,8
DA:225,1
LF:25
LH:25
BRDA:17,0,0,4
BRDA:17,0,1,0
BRDA:54,1,0,1
BRDA:54,1,1,3
BRDA:89,2,0,1
BRDA:89,2,1,3
BRDA:131,3,0,0
BRDA:131,3,1,4
BRDA:132,4,0,1
BRDA:132,4,1,3
BRDA:186,5,0,2
BRDA:186,5,1,6
BRDA:207,6,0,4
BRDA:207,6,1,12
BRDA:208,7,0,1
BRDA:208,7,1,3
BRDA:209,8,0,1
BRDA:209,8,1,2
BRDA:212,9,0,3
BRDA:212,9,1,9
BRDA:213,10,0,3
BRDA:213,10,1,6
BRDA:218,11,0,4
BRDA:218,11,1,12
BRDA:220,12,0,4
BRDA:220,12,1,8
BRF:26
BRH:24
end_of_record
TN:
SF:app\(tabs)\onboarding.tsx
FN:51,OnboardingScreen
FN:61,(anonymous_1)
FN:65,(anonymous_2)
FN:88,(anonymous_3)
FN:107,(anonymous_4)
FN:134,(anonymous_5)
FNF:6
FNH:5
FNDA:6,OnboardingScreen
FNDA:4,(anonymous_1)
FNDA:3,(anonymous_2)
FNDA:4,(anonymous_3)
FNDA:18,(anonymous_4)
FNDA:0,(anonymous_5)
DA:16,1
DA:52,6
DA:53,6
DA:54,6
DA:55,6
DA:57,6
DA:58,6
DA:59,6
DA:61,6
DA:62,4
DA:63,1
DA:65,3
DA:69,6
DA:89,4
DA:108,18
DA:134,0
DA:146,1
LF:17
LH:16
BRDA:53,0,0,6
BRDA:53,0,1,0
BRDA:62,1,0,1
BRDA:62,1,1,3
BRDA:77,2,0,3
BRDA:77,2,1,3
BRDA:80,3,0,3
BRDA:80,3,1,3
BRDA:86,4,0,6
BRDA:86,4,1,2
BRDA:113,5,0,6
BRDA:113,5,1,12
BRDA:114,6,0,6
BRDA:114,6,1,12
BRDA:128,7,0,1
BRDA:128,7,1,5
BRDA:132,8,0,6
BRDA:132,8,1,1
BRF:18
BRH:17
end_of_record
